# JRE version: OpenJDK Runtime Environment (8.0_152-b06) (build 1.8.0_152-release-1136-b06)
# Java VM: OpenJDK 64-Bit Server VM (25.152-b06 mixed mode windows-amd64 compressed oops)
Heap:
 PSYoungGen      total 400896K, used 43725K [0x000000076ab00000, 0x0000000793e80000, 0x00000007c0000000)
  eden space 296448K, 14% used [0x000000076ab00000,0x000000076d5b3490,0x000000077cc80000)
  from space 104448K, 0% used [0x000000077cc80000,0x000000077cc80000,0x0000000783280000)
  to   space 155648K, 0% used [0x000000078a680000,0x000000078a680000,0x0000000793e80000)
 ParOldGen       total 519168K, used 252624K [0x00000006c0000000, 0x00000006dfb00000, 0x000000076ab00000)
  object space 519168K, 48% used [0x00000006c0000000,0x00000006cf6b4040,0x00000006dfb00000)
 Metaspace       used 6648K, capacity 7256K, committed 7424K, reserved 1056768K
  class space    used 613K, capacity 656K, committed 768K, reserved 1048576K
GC Heap History (10 events):
Event: 29.926 GC heap before
{Heap before GC invocations=10 (full 3):
 PSYoungGen      total 282624K, used 257024K [0x000000076ab00000, 0x000000077f300000, 0x00000007c0000000)
  eden space 257024K, 100% used [0x000000076ab00000,0x000000077a600000,0x000000077a600000)
  from space 25600K, 0% used [0x000000077c800000,0x000000077c800000,0x000000077e100000)
  to   space 34816K, 18% used [0x000000077a600000,0x000000077ac5db90,0x000000077c800000)
 ParOldGen       total 374784K, used 259882K [0x00000006c0000000, 0x00000006d6e00000, 0x000000076ab00000)
  object space 374784K, 69% used [0x00000006c0000000,0x00000006cfdca970,0x00000006d6e00000)
 Metaspace       used 6620K, capacity 7256K, committed 7424K, reserved 1056768K
  class space    used 612K, capacity 656K, committed 768K, reserved 1048576K
Event: 30.925 GC heap after
Heap after GC invocations=10 (full 3):
 PSYoungGen      total 282624K, used 0K [0x000000076ab00000, 0x000000077f300000, 0x00000007c0000000)
  eden space 257024K, 0% used [0x000000076ab00000,0x000000076ab00000,0x000000077a600000)
  from space 25600K, 0% used [0x000000077c800000,0x000000077c800000,0x000000077e100000)
  to   space 34816K, 0% used [0x000000077a600000,0x000000077a600000,0x000000077c800000)
 ParOldGen       total 312832K, used 156702K [0x00000006c0000000, 0x00000006d3180000, 0x000000076ab00000)
  object space 312832K, 50% used [0x00000006c0000000,0x00000006c99079a8,0x00000006d3180000)
 Metaspace       used 6620K, capacity 7256K, committed 7424K, reserved 1056768K
  class space    used 612K, capacity 656K, committed 768K, reserved 1048576K
}
Event: 31.548 GC heap before
{Heap before GC invocations=11 (full 3):
 PSYoungGen      total 282624K, used 257024K [0x000000076ab00000, 0x000000077f300000, 0x00000007c0000000)
  eden space 257024K, 100% used [0x000000076ab00000,0x000000077a600000,0x000000077a600000)
  from space 25600K, 0% used [0x000000077c800000,0x000000077c800000,0x000000077e100000)
  to   space 34816K, 0% used [0x000000077a600000,0x000000077a600000,0x000000077c800000)
 ParOldGen       total 312832K, used 156702K [0x00000006c0000000, 0x00000006d3180000, 0x000000076ab00000)
  object space 312832K, 50% used [0x00000006c0000000,0x00000006c99079a8,0x00000006d3180000)
 Metaspace       used 6624K, capacity 7256K, committed 7424K, reserved 1056768K
  class space    used 612K, capacity 656K, committed 768K, reserved 1048576K
Event: 31.901 GC heap after
Heap after GC invocations=11 (full 3):
 PSYoungGen      total 291840K, used 34809K [0x000000076ab00000, 0x0000000788a00000, 0x00000007c0000000)
  eden space 257024K, 0% used [0x000000076ab00000,0x000000076ab00000,0x000000077a600000)
  from space 34816K, 99% used [0x000000077a600000,0x000000077c7fe5d0,0x000000077c800000)
  to   space 84992K, 0% used [0x0000000783700000,0x0000000783700000,0x0000000788a00000)
 ParOldGen       total 312832K, used 243819K [0x00000006c0000000, 0x00000006d3180000, 0x000000076ab00000)
  object space 312832K, 77% used [0x00000006c0000000,0x00000006cee1ade8,0x00000006d3180000)
 Metaspace       used 6624K, capacity 7256K, committed 7424K, reserved 1056768K
  class space    used 612K, capacity 656K, committed 768K, reserved 1048576K
}
Event: 33.142 GC heap before
{Heap before GC invocations=12 (full 3):
 PSYoungGen      total 291840K, used 291833K [0x000000076ab00000, 0x0000000788a00000, 0x00000007c0000000)
  eden space 257024K, 100% used [0x000000076ab00000,0x000000077a600000,0x000000077a600000)
  from space 34816K, 99% used [0x000000077a600000,0x000000077c7fe5d0,0x000000077c800000)
  to   space 84992K, 0% used [0x0000000783700000,0x0000000783700000,0x0000000788a00000)
 ParOldGen       total 312832K, used 243902K [0x00000006c0000000, 0x00000006d3180000, 0x000000076ab00000)
  object space 312832K, 77% used [0x00000006c0000000,0x00000006cee2f8f0,0x00000006d3180000)
 Metaspace       used 6629K, capacity 7256K, committed 7424K, reserved 1056768K
  class space    used 612K, capacity 656K, committed 768K, reserved 1048576K
Event: 33.326 GC heap after
Heap after GC invocations=12 (full 3):
 PSYoungGen      total 381440K, used 84979K [0x000000076ab00000, 0x0000000789880000, 0x00000007c0000000)
  eden space 296448K, 0% used [0x000000076ab00000,0x000000076ab00000,0x000000077cc80000)
  from space 84992K, 99% used [0x0000000783700000,0x00000007889fcd78,0x0000000788a00000)
  to   space 104448K, 0% used [0x000000077cc80000,0x000000077cc80000,0x0000000783280000)
 ParOldGen       total 312832K, used 249565K [0x00000006c0000000, 0x00000006d3180000, 0x000000076ab00000)
  object space 312832K, 79% used [0x00000006c0000000,0x00000006cf3b74e8,0x00000006d3180000)
 Metaspace       used 6629K, capacity 7256K, committed 7424K, reserved 1056768K
  class space    used 612K, capacity 656K, committed 768K, reserved 1048576K
}
Event: 34.757 GC heap before
{Heap before GC invocations=13 (full 3):
 PSYoungGen      total 381440K, used 381427K [0x000000076ab00000, 0x0000000789880000, 0x00000007c0000000)
  eden space 296448K, 100% used [0x000000076ab00000,0x000000077cc80000,0x000000077cc80000)
  from space 84992K, 99% used [0x0000000783700000,0x00000007889fcd78,0x0000000788a00000)
  to   space 104448K, 0% used [0x000000077cc80000,0x000000077cc80000,0x0000000783280000)
 ParOldGen       total 312832K, used 249566K [0x00000006c0000000, 0x00000006d3180000, 0x000000076ab00000)
  object space 312832K, 79% used [0x00000006c0000000,0x00000006cf3b7b78,0x00000006d3180000)
 Metaspace       used 6648K, capacity 7256K, committed 7424K, reserved 1056768K
  class space    used 613K, capacity 656K, committed 768K, reserved 1048576K
Event: 36.153 GC heap after
Heap after GC invocations=13 (full 3):
 PSYoungGen      total 400896K, used 104443K [0x000000076ab00000, 0x0000000793e80000, 0x00000007c0000000)
  eden space 296448K, 0% used [0x000000076ab00000,0x000000076ab00000,0x000000077cc80000)
  from space 104448K, 99% used [0x000000077cc80000,0x000000078327ed48,0x0000000783280000)
  to   space 155648K, 0% used [0x000000078a680000,0x000000078a680000,0x0000000793e80000)
 ParOldGen       total 327168K, used 327069K [0x00000006c0000000, 0x00000006d3f80000, 0x000000076ab00000)
  object space 327168K, 99% used [0x00000006c0000000,0x00000006d3f67428,0x00000006d3f80000)
 Metaspace       used 6648K, capacity 7256K, committed 7424K, reserved 1056768K
  class space    used 613K, capacity 656K, committed 768K, reserved 1048576K
}
Event: 36.154 GC heap before
{Heap before GC invocations=14 (full 4):
 PSYoungGen      total 400896K, used 104443K [0x000000076ab00000, 0x0000000793e80000, 0x00000007c0000000)
  eden space 296448K, 0% used [0x000000076ab00000,0x000000076ab00000,0x000000077cc80000)
  from space 104448K, 99% used [0x000000077cc80000,0x000000078327ed48,0x0000000783280000)
  to   space 155648K, 0% used [0x000000078a680000,0x000000078a680000,0x0000000793e80000)
 ParOldGen       total 327168K, used 327069K [0x00000006c0000000, 0x00000006d3f80000, 0x000000076ab00000)
  object space 327168K, 99% used [0x00000006c0000000,0x00000006d3f67428,0x00000006d3f80000)
 Metaspace       used 6648K, capacity 7256K, committed 7424K, reserved 1056768K
  class space    used 613K, capacity 656K, committed 768K, reserved 1048576K
Event: 42.839 GC heap after
Heap after GC invocations=14 (full 4):
 PSYoungGen      total 400896K, used 0K [0x000000076ab00000, 0x0000000793e80000, 0x00000007c0000000)
  eden space 296448K, 0% used [0x000000076ab00000,0x000000076ab00000,0x000000077cc80000)
  from space 104448K, 0% used [0x000000077cc80000,0x000000077cc80000,0x0000000783280000)
  to   space 155648K, 0% used [0x000000078a680000,0x000000078a680000,0x0000000793e80000)
 ParOldGen       total 519168K, used 252624K [0x00000006c0000000, 0x00000006dfb00000, 0x000000076ab00000)
  object space 519168K, 48% used [0x00000006c0000000,0x00000006cf6b4040,0x00000006dfb00000)
 Metaspace       used 6648K, capacity 7256K, committed 7424K, reserved 1056768K
  class space    used 613K, capacity 656K, committed 768K, reserved 1048576K
}

