# JRE version: OpenJDK Runtime Environment (8.0_152-b06) (build 1.8.0_152-release-1136-b06)
# Java VM: OpenJDK 64-Bit Server VM (25.152-b06 mixed mode windows-amd64 compressed oops)
Heap:
 PSYoungGen      total 978432K, used 719269K [0x000000076ab00000, 0x00000007bdc00000, 0x00000007c0000000)
  eden space 807424K, 89% used [0x000000076ab00000,0x0000000796969460,0x000000079bf80000)
  from space 171008K, 0% used [0x00000007aa780000,0x00000007aa780000,0x00000007b4e80000)
  to   space 237568K, 24% used [0x000000079bf80000,0x000000079f9261d0,0x00000007aa780000)
 ParOldGen       total 670720K, used 670586K [0x00000006c0000000, 0x00000006e8f00000, 0x000000076ab00000)
  object space 670720K, 99% used [0x00000006c0000000,0x00000006e8ede840,0x00000006e8f00000)
 Metaspace       used 6656K, capacity 7350K, committed 7552K, reserved 1056768K
  class space    used 610K, capacity 622K, committed 640K, reserved 1048576K
GC Heap History (10 events):
Event: 27.322 GC heap before
{Heap before GC invocations=15 (full 2):
 PSYoungGen      total 826368K, used 826341K [0x000000076ab00000, 0x00000007b5e80000, 0x00000007c0000000)
  eden space 711680K, 100% used [0x000000076ab00000,0x0000000796200000,0x0000000796200000)
  from space 114688K, 99% used [0x000000079fd80000,0x00000007a6d796a8,0x00000007a6d80000)
  to   space 159232K, 0% used [0x0000000796200000,0x0000000796200000,0x000000079fd80000)
 ParOldGen       total 378880K, used 293084K [0x00000006c0000000, 0x00000006d7200000, 0x000000076ab00000)
  object space 378880K, 77% used [0x00000006c0000000,0x00000006d1e37050,0x00000006d7200000)
 Metaspace       used 6641K, capacity 7350K, committed 7552K, reserved 1056768K
  class space    used 609K, capacity 622K, committed 640K, reserved 1048576K
Event: 27.882 GC heap after
Heap after GC invocations=15 (full 2):
 PSYoungGen      total 870912K, used 115618K [0x000000076ab00000, 0x00000007b4e80000, 0x00000007c0000000)
  eden space 711680K, 0% used [0x000000076ab00000,0x000000076ab00000,0x0000000796200000)
  from space 159232K, 72% used [0x0000000796200000,0x000000079d2e8b40,0x000000079fd80000)
  to   space 171008K, 0% used [0x00000007aa780000,0x00000007aa780000,0x00000007b4e80000)
 ParOldGen       total 408576K, used 408268K [0x00000006c0000000, 0x00000006d8f00000, 0x000000076ab00000)
  object space 408576K, 99% used [0x00000006c0000000,0x00000006d8eb3198,0x00000006d8f00000)
 Metaspace       used 6641K, capacity 7350K, committed 7552K, reserved 1056768K
  class space    used 609K, capacity 622K, committed 640K, reserved 1048576K
}
Event: 27.883 GC heap before
{Heap before GC invocations=16 (full 3):
 PSYoungGen      total 870912K, used 115618K [0x000000076ab00000, 0x00000007b4e80000, 0x00000007c0000000)
  eden space 711680K, 0% used [0x000000076ab00000,0x000000076ab00000,0x0000000796200000)
  from space 159232K, 72% used [0x0000000796200000,0x000000079d2e8b40,0x000000079fd80000)
  to   space 171008K, 0% used [0x00000007aa780000,0x00000007aa780000,0x00000007b4e80000)
 ParOldGen       total 408576K, used 408268K [0x00000006c0000000, 0x00000006d8f00000, 0x000000076ab00000)
  object space 408576K, 99% used [0x00000006c0000000,0x00000006d8eb3198,0x00000006d8f00000)
 Metaspace       used 6641K, capacity 7350K, committed 7552K, reserved 1056768K
  class space    used 609K, capacity 622K, committed 640K, reserved 1048576K
Event: 31.051 GC heap after
Heap after GC invocations=16 (full 3):
 PSYoungGen      total 870912K, used 106752K [0x000000076ab00000, 0x00000007b4e80000, 0x00000007c0000000)
  eden space 711680K, 0% used [0x000000076ab00000,0x000000076ab00000,0x0000000796200000)
  from space 159232K, 67% used [0x0000000796200000,0x000000079ca40278,0x000000079fd80000)
  to   space 171008K, 0% used [0x00000007aa780000,0x00000007aa780000,0x00000007b4e80000)
 ParOldGen       total 633344K, used 408163K [0x00000006c0000000, 0x00000006e6a80000, 0x000000076ab00000)
  object space 633344K, 64% used [0x00000006c0000000,0x00000006d8e98f60,0x00000006e6a80000)
 Metaspace       used 6641K, capacity 7350K, committed 7552K, reserved 1056768K
  class space    used 609K, capacity 622K, committed 640K, reserved 1048576K
}
Event: 32.938 GC heap before
{Heap before GC invocations=17 (full 3):
 PSYoungGen      total 870912K, used 818432K [0x000000076ab00000, 0x00000007b4e80000, 0x00000007c0000000)
  eden space 711680K, 100% used [0x000000076ab00000,0x0000000796200000,0x0000000796200000)
  from space 159232K, 67% used [0x0000000796200000,0x000000079ca40278,0x000000079fd80000)
  to   space 171008K, 0% used [0x00000007aa780000,0x00000007aa780000,0x00000007b4e80000)
 ParOldGen       total 633344K, used 408163K [0x00000006c0000000, 0x00000006e6a80000, 0x000000076ab00000)
  object space 633344K, 64% used [0x00000006c0000000,0x00000006d8e98f60,0x00000006e6a80000)
 Metaspace       used 6653K, capacity 7350K, committed 7552K, reserved 1056768K
  class space    used 610K, capacity 622K, committed 640K, reserved 1048576K
Event: 34.706 GC heap after
Heap after GC invocations=17 (full 3):
 PSYoungGen      total 978432K, used 171006K [0x000000076ab00000, 0x00000007bdc00000, 0x00000007c0000000)
  eden space 807424K, 0% used [0x000000076ab00000,0x000000076ab00000,0x000000079bf80000)
  from space 171008K, 99% used [0x00000007aa780000,0x00000007b4e7f8f0,0x00000007b4e80000)
  to   space 237568K, 0% used [0x000000079bf80000,0x000000079bf80000,0x00000007aa780000)
 ParOldGen       total 633344K, used 508270K [0x00000006c0000000, 0x00000006e6a80000, 0x000000076ab00000)
  object space 633344K, 80% used [0x00000006c0000000,0x00000006df05b9d8,0x00000006e6a80000)
 Metaspace       used 6653K, capacity 7350K, committed 7552K, reserved 1056768K
  class space    used 610K, capacity 622K, committed 640K, reserved 1048576K
}
Event: 38.308 GC heap before
{Heap before GC invocations=18 (full 3):
 PSYoungGen      total 978432K, used 978430K [0x000000076ab00000, 0x00000007bdc00000, 0x00000007c0000000)
  eden space 807424K, 100% used [0x000000076ab00000,0x000000079bf80000,0x000000079bf80000)
  from space 171008K, 99% used [0x00000007aa780000,0x00000007b4e7f8f0,0x00000007b4e80000)
  to   space 237568K, 0% used [0x000000079bf80000,0x000000079bf80000,0x00000007aa780000)
 ParOldGen       total 633344K, used 508270K [0x00000006c0000000, 0x00000006e6a80000, 0x000000076ab00000)
  object space 633344K, 80% used [0x00000006c0000000,0x00000006df05b9d8,0x00000006e6a80000)
 Metaspace       used 6654K, capacity 7350K, committed 7552K, reserved 1056768K
  class space    used 610K, capacity 622K, committed 640K, reserved 1048576K
Event: 41.169 GC heap after
Heap after GC invocations=18 (full 3):
 PSYoungGen      total 978432K, used 978430K [0x000000076ab00000, 0x00000007bdc00000, 0x00000007c0000000)
  eden space 807424K, 100% used [0x000000076ab00000,0x000000079bf80000,0x000000079bf80000)
  from space 171008K, 99% used [0x00000007aa780000,0x00000007b4e7f8f0,0x00000007b4e80000)
  to   space 237568K, 60% used [0x000000079bf80000,0x00000007a4cb8680,0x00000007aa780000)
 ParOldGen       total 670720K, used 670718K [0x00000006c0000000, 0x00000006e8f00000, 0x000000076ab00000)
  object space 670720K, 99% used [0x00000006c0000000,0x00000006e8eff818,0x00000006e8f00000)
 Metaspace       used 6654K, capacity 7350K, committed 7552K, reserved 1056768K
  class space    used 610K, capacity 622K, committed 640K, reserved 1048576K
}
Event: 41.323 GC heap before
{Heap before GC invocations=19 (full 4):
 PSYoungGen      total 978432K, used 978430K [0x000000076ab00000, 0x00000007bdc00000, 0x00000007c0000000)
  eden space 807424K, 100% used [0x000000076ab00000,0x000000079bf80000,0x000000079bf80000)
  from space 171008K, 99% used [0x00000007aa780000,0x00000007b4e7f8f0,0x00000007b4e80000)
  to   space 237568K, 60% used [0x000000079bf80000,0x00000007a4cb8680,0x00000007aa780000)
 ParOldGen       total 670720K, used 670718K [0x00000006c0000000, 0x00000006e8f00000, 0x000000076ab00000)
  object space 670720K, 99% used [0x00000006c0000000,0x00000006e8eff818,0x00000006e8f00000)
 Metaspace       used 6654K, capacity 7350K, committed 7552K, reserved 1056768K
  class space    used 610K, capacity 622K, committed 640K, reserved 1048576K
Event: 48.555 GC heap after
Heap after GC invocations=19 (full 4):
 PSYoungGen      total 978432K, used 0K [0x000000076ab00000, 0x00000007bdc00000, 0x00000007c0000000)
  eden space 807424K, 0% used [0x000000076ab00000,0x000000076ab00000,0x000000079bf80000)
  from space 171008K, 0% used [0x00000007aa780000,0x00000007aa780000,0x00000007b4e80000)
  to   space 237568K, 24% used [0x000000079bf80000,0x000000079f9261d0,0x00000007aa780000)
 ParOldGen       total 670720K, used 670586K [0x00000006c0000000, 0x00000006e8f00000, 0x000000076ab00000)
  object space 670720K, 99% used [0x00000006c0000000,0x00000006e8ede840,0x00000006e8f00000)
 Metaspace       used 6654K, capacity 7350K, committed 7552K, reserved 1056768K
  class space    used 610K, capacity 622K, committed 640K, reserved 1048576K
}

